<?xml version="1.0" encoding="UTF-8"?>
<testng-results skipped="0" failed="0" ignored="0" total="2" passed="2">
  <reporter-output>
  </reporter-output>
  <suite name="Surefire suite" duration-ms="16006" started-at="2022-01-10T14:46:37Z" finished-at="2022-01-10T14:46:53Z">
    <groups>
      <group name="cucumber">
        <method signature="AbstractTestNGCucumberTests.runScenario(io.cucumber.testng.PickleWrapper, io.cucumber.testng.FeatureWrapper)[pri:0, instance:automationcraft.delivery.runners.google.GRunner@66a3ffec]" name="runScenario" class="io.cucumber.testng.AbstractTestNGCucumberTests"/>
      </group> <!-- cucumber -->
    </groups>
    <test name="Surefire test" duration-ms="16006" started-at="2022-01-10T14:46:37Z" finished-at="2022-01-10T14:46:53Z">
      <class name="automationcraft.delivery.runners.google.GRunner">
        <test-method status="PASS" signature="setUpClass()[pri:0, instance:automationcraft.delivery.runners.google.GRunner@66a3ffec]" name="setUpClass" is-config="true" duration-ms="2138" started-at="2022-01-10T14:46:37Z" finished-at="2022-01-10T14:46:39Z">
          <reporter-output>
          </reporter-output>
        </test-method> <!-- setUpClass -->
        <test-method status="PASS" signature="runScenario(io.cucumber.testng.PickleWrapper, io.cucumber.testng.FeatureWrapper)[pri:0, instance:automationcraft.delivery.runners.google.GRunner@66a3ffec]" name="runScenario" duration-ms="6997" started-at="2022-01-10T14:46:39Z" description="Runs Cucumber Scenarios" data-provider="scenarios" finished-at="2022-01-10T14:46:46Z">
          <params>
            <param index="0">
              <value>
                <![CDATA["Standard Search One"]]>
              </value>
            </param>
            <param index="1">
              <value>
                <![CDATA["Optional[Google Search]"]]>
              </value>
            </param>
          </params>
          <reporter-output>
          </reporter-output>
        </test-method> <!-- runScenario -->
        <test-method status="PASS" signature="runScenario(io.cucumber.testng.PickleWrapper, io.cucumber.testng.FeatureWrapper)[pri:0, instance:automationcraft.delivery.runners.google.GRunner@66a3ffec]" name="runScenario" duration-ms="2343" started-at="2022-01-10T14:46:46Z" description="Runs Cucumber Scenarios" data-provider="scenarios" finished-at="2022-01-10T14:46:48Z">
          <params>
            <param index="0">
              <value>
                <![CDATA["Standard Search Two"]]>
              </value>
            </param>
            <param index="1">
              <value>
                <![CDATA["Optional[Google Search]"]]>
              </value>
            </param>
          </params>
          <reporter-output>
          </reporter-output>
        </test-method> <!-- runScenario -->
        <test-method status="PASS" signature="tearDownClass()[pri:0, instance:automationcraft.delivery.runners.google.GRunner@66a3ffec]" name="tearDownClass" is-config="true" duration-ms="4450" started-at="2022-01-10T14:46:48Z" finished-at="2022-01-10T14:46:53Z">
          <reporter-output>
          </reporter-output>
        </test-method> <!-- tearDownClass -->
      </class> <!-- automationcraft.delivery.runners.google.GRunner -->
    </test> <!-- Surefire test -->
  </suite> <!-- Surefire suite -->
</testng-results>
